<?xml version="1.0" encoding="UTF-8"?>
<testsuite name="get.ServiceRequestGetServiceRunner" tests="0" skipped="0" failures="0" errors="0" timestamp="1970-01-01T00:00:00" hostname="1178477-C02SX8LTGTFM" time="0.0">
  <properties/>
  <system-out><![CDATA[No features found at [classpath:get]
]]></system-out>
  <system-err><![CDATA[]]></system-err>
</testsuite>
